Starting DMV Shooting Ranges Scraper...
This may take several minutes...
Searching: shooting ranges in Washington DC
Extracted: Maryland Small Arms Range, Inc.
Searching: shooting ranges in Maryland
Searching: shooting ranges in Virginia
Extracted: Sharpshooters Indoor Range and Pro Shop
Searching: shooting ranges in Northern Virginia
Extracted: XCAL Shooting Sports and Fitness
Searching: shooting ranges in Montgomery County MD
Extracted: Gilbert Indoor Range
Searching: shooting ranges in Prince George's County MD
Error processing business 0: Message: 

Error processing business 1: Message: 

Error processing business 2: Message: 

Error processing business 3: Message: 

Error processing business 4: Message: 

Searching: shooting ranges in Fairfax County VA
Error processing business 0: Message: 

Error processing business 1: Message: 

Error processing business 2: Message: 

Error processing business 3: Message: 

Error processing business 4: Message: 

Searching: shooting ranges in Arlington VA
Error processing business 0: Message: 

Error processing business 1: Message: 

Error processing business 2: Message: 

Error processing business 3: Message: 

Error processing business 4: Message: 

Searching: gun clubs in Washington DC
Error processing business 0: Message: 

Error processing business 1: Message: 

Error processing business 2: Message: 

Error processing business 3: Message: 

Error processing business 4: Message: 

Error processing business 5: Message: 

Error processing business 6: Message: 

Error processing business 7: Message: 

Error processing business 8: Message: 

Error processing business 9: Message: 

Error processing business 10: Message: 

Error processing business 11: Message: 

Error processing business 12: Message: 

Error processing business 13: Message: 

Error processing business 14: Message: 

Searching: gun clubs in Maryland
Error processing business 0: Message: 

Error processing business 1: Message: 

Error processing business 2: Message: 

Error processing business 3: Message: 

Error processing business 4: Message: 

Searching: gun clubs in Virginia
Error processing business 0: Message: 

Error processing business 1: Message: 

Error processing business 2: Message: 

Error processing business 3: Message: 

Error processing business 4: Message: 

Searching: gun clubs in Northern Virginia
Error processing business 0: Message: 

Error processing business 1: Message: 

Error processing business 2: Message: 

Error processing business 3: Message: 

Error processing business 4: Message: 

Error processing business 5: Message: 

Error processing business 6: Message: 

Error processing business 7: Message: 

Error processing business 8: Message: 

Error processing business 9: Message: 

Error processing business 10: Message: 

Error processing business 11: Message: 

Error processing business 12: Message: 

Error processing business 13: Message: 

Error processing business 14: Message: 

Error processing business 15: Message: 

Searching: gun clubs in Montgomery County MD
Error processing business 0: Message: 

Error processing business 1: Message: 

Error processing business 2: Message: 

Error processing business 3: Message: 

Error processing business 4: Message: 

Searching: gun clubs in Prince George's County MD
Error processing business 0: Message: 

Error processing business 1: Message: 

Error processing business 2: Message: 

Error processing business 3: Message: 

Error processing business 4: Message: 

Searching: gun clubs in Fairfax County VA
Error processing business 0: Message: 

Error processing business 1: Message: 

Error processing business 2: Message: 

Error processing business 3: Message: 

Error processing business 4: Message: 

Searching: gun clubs in Arlington VA
Error processing business 0: Message: 

Error processing business 1: Message: 

Error processing business 2: Message: 

Error processing business 3: Message: 

Error processing business 4: Message: 

Searching: indoor shooting ranges in Washington DC
Error processing business 0: Message: 

Error processing business 1: Message: 

Error processing business 2: Message: 

Error processing business 3: Message: 

Error processing business 4: Message: 

Error processing business 5: Message: 

Error processing business 6: Message: 

Error processing business 7: Message: 

Error processing business 8: Message: 

Error processing business 9: Message: 

Error processing business 10: Message: 

Error processing business 11: Message: 

Error processing business 12: Message: 

Error processing business 13: Message: 

Error processing business 14: Message: 

Searching: indoor shooting ranges in Maryland
Error processing business 0: Message: 

Error processing business 1: Message: 

Error processing business 2: Message: 

Error processing business 3: Message: 

Error processing business 4: Message: 

Searching: indoor shooting ranges in Virginia
Error processing business 0: Message: 

Error processing business 1: Message: 

Error processing business 2: Message: 

Error processing business 3: Message: 

Error processing business 4: Message: 

Searching: indoor shooting ranges in Northern Virginia
Error processing business 0: Message: 

Error processing business 1: Message: 

Error processing business 2: Message: 

Error processing business 3: Message: 

Error processing business 4: Message: 

Searching: indoor shooting ranges in Montgomery County MD
Error processing business 0: Message: 

Error processing business 1: Message: 

Error processing business 2: Message: 

Error processing business 3: Message: 

Error processing business 4: Message: 

Error processing business 5: Message: 

Error processing business 6: Message: 

Error processing business 7: Message: 

Error processing business 8: Message: 

Error processing business 9: Message: 

Searching: indoor shooting ranges in Prince George's County MD
Error processing business 0: Message: 

Error processing business 1: Message: 

Error processing business 2: Message: 

Error processing business 3: Message: 

Error processing business 4: Message: 

Searching: indoor shooting ranges in Fairfax County VA
Error processing business 0: Message: 

Error processing business 1: Message: 

Error processing business 2: Message: 

Error processing business 3: Message: 

Error processing business 4: Message: 

Searching: indoor shooting ranges in Arlington VA
Error processing business 0: Message: 

Error processing business 1: Message: 

Error processing business 2: Message: 

Error processing business 3: Message: 

Error processing business 4: Message: 

Searching: outdoor shooting ranges in Washington DC
Error processing business 0: Message: 

Error processing business 1: Message: 

Error processing business 2: Message: 

Error processing business 3: Message: 

Error processing business 4: Message: 

Searching: outdoor shooting ranges in Maryland
Error processing business 0: Message: 

Error processing business 1: Message: 

Error processing business 2: Message: 

Error processing business 3: Message: 

Error processing business 4: Message: 

Searching: outdoor shooting ranges in Virginia
Error processing business 0: Message: 

Error processing business 1: Message: 

Error processing business 2: Message: 

Error processing business 3: Message: 

Error processing business 4: Message: 

Searching: outdoor shooting ranges in Northern Virginia
Error processing business 0: Message: 

Error processing business 1: Message: 

Error processing business 2: Message: 

Error processing business 3: Message: 

Error processing business 4: Message: 

Searching: outdoor shooting ranges in Montgomery County MD
Error processing business 0: Message: 

Error processing business 1: Message: 

Error processing business 2: Message: 

Error processing business 3: Message: 

Error processing business 4: Message: 

Searching: outdoor shooting ranges in Prince George's County MD
Error processing business 0: Message: 

Error processing business 1: Message: 

Error processing business 2: Message: 

Error processing business 3: Message: 

Error processing business 4: Message: 

Searching: outdoor shooting ranges in Fairfax County VA
Error processing business 0: Message: 

Error processing business 1: Message: 

Error processing business 2: Message: 

Error processing business 3: Message: 

Error processing business 4: Message: 

Error processing business 5: Message: 

Error processing business 6: Message: 

Error processing business 7: Message: 

Error processing business 8: Message: 

Error processing business 9: Message: 

Searching: outdoor shooting ranges in Arlington VA
Error processing business 0: Message: 

Error processing business 1: Message: 

Error processing business 2: Message: 

Error processing business 3: Message: 

Error processing business 4: Message: 

Searching: firearms training in Washington DC
Error processing business 0: Message: 

Error processing business 1: Message: 

Error processing business 2: Message: 

Error processing business 3: Message: 

Error processing business 4: Message: 

Error processing business 5: Message: 

Error processing business 6: Message: 

Error processing business 7: Message: 

Error processing business 8: Message: 

Error processing business 9: Message: 

Error processing business 10: Message: 

Error processing business 11: Message: 

Error processing business 12: Message: 

Error processing business 13: Message: 

Error processing business 14: Message: 

Error processing business 15: Message: 

Searching: firearms training in Maryland
Error processing business 0: Message: 

Error processing business 1: Message: 

Error processing business 2: Message: 

Error processing business 3: Message: 

Error processing business 4: Message: 

Error processing business 5: Message: 

Error processing business 6: Message: 

Error processing business 7: Message: 

Error processing business 8: Message: 

Error processing business 9: Message: 

Error processing business 10: Message: 

Error processing business 11: Message: 

Error processing business 12: Message: 

Error processing business 13: Message: 

Error processing business 14: Message: 

Error processing business 15: Message: 

Error processing business 16: Message: 

Searching: firearms training in Virginia
Error processing business 0: Message: 

Error processing business 1: Message: 

Error processing business 2: Message: 

Error processing business 3: Message: 

Error processing business 4: Message: 

Error processing business 5: Message: 

Error processing business 6: Message: 

Error processing business 7: Message: 

Error processing business 8: Message: 

Error processing business 9: Message: 

Error processing business 10: Message: 

Error processing business 11: Message: 

Error processing business 12: Message: 

Error processing business 13: Message: 

Error processing business 14: Message: 

Error processing business 15: Message: 

Searching: firearms training in Northern Virginia
Error processing business 0: Message: 

Error processing business 1: Message: 

Error processing business 2: Message: 

Error processing business 3: Message: 

Error processing business 4: Message: 

Error processing business 5: Message: 

Error processing business 6: Message: 

Error processing business 7: Message: 

Error processing business 8: Message: 

Error processing business 9: Message: 

Error processing business 10: Message: 

Error processing business 11: Message: 

Error processing business 12: Message: 

Error processing business 13: Message: 

Error processing business 14: Message: 

Error processing business 15: Message: 

Searching: firearms training in Montgomery County MD
Error processing business 0: Message: 

Error processing business 1: Message: 

Error processing business 2: Message: 

Error processing business 3: Message: 

Error processing business 4: Message: 

Error processing business 5: Message: 

Error processing business 6: Message: 

Error processing business 7: Message: 

Error processing business 8: Message: 

Error processing business 9: Message: 

Error processing business 10: Message: 

Error processing business 11: Message: 

Error processing business 12: Message: 

Error processing business 13: Message: 

Error processing business 14: Message: 

Error processing business 15: Message: 

Searching: firearms training in Prince George's County MD
Error processing business 0: Message: 

Error processing business 1: Message: 

Error processing business 2: Message: 

Error processing business 3: Message: 

Error processing business 4: Message: 

Error processing business 5: Message: 

Error processing business 6: Message: 

Error processing business 7: Message: 

Error processing business 8: Message: 

Error processing business 9: Message: 

Error processing business 10: Message: 

Error processing business 11: Message: 

Error processing business 12: Message: 

Error processing business 13: Message: 

Error processing business 14: Message: 

Error processing business 15: Message: 

Error processing business 16: Message: 

Error processing business 17: Message: 

Searching: firearms training in Fairfax County VA
Error processing business 0: Message: 

Error processing business 1: Message: 

Error processing business 2: Message: 

Error processing business 3: Message: 

Error processing business 4: Message: 

Error processing business 5: Message: 

Error processing business 6: Message: 

Error processing business 7: Message: 

Error processing business 8: Message: 

Error processing business 9: Message: 

Error processing business 10: Message: 

Error processing business 11: Message: 

Error processing business 12: Message: 

Error processing business 13: Message: 

Error processing business 14: Message: 

Error processing business 15: Message: 

Searching: firearms training in Arlington VA
Error processing business 0: Message: 

Error processing business 1: Message: 

Error processing business 2: Message: 

Error processing business 3: Message: 

Error processing business 4: Message: 

Error processing business 5: Message: 

Error processing business 6: Message: 

Error processing business 7: Message: 

Error processing business 8: Message: 

Error processing business 9: Message: 

Error processing business 10: Message: 

Error processing business 11: Message: 

Error processing business 12: Message: 

Error processing business 13: Message: 

Error processing business 14: Message: 

Error processing business 15: Message: 


Total businesses found: 4
Data saved to dmv_shooting_ranges.csv
Unique businesses: 4
Scraper finished
